<?xml version="1.0" encoding="UTF-8"?>
<!-- Generated by org.testng.reporters.JUnitReportReporter -->
<testsuite skipped="0" hostname="wvh154" name="com.crm.qa.testcases.LoginTest" tests="3" failures="0" timestamp="30 Dec 2019 08:28:50 GMT" time="63.491" errors="0">
  <testcase name="loginPageTitleTest" time="16.055" classname="com.crm.qa.testcases.LoginTest"/>
  <testcase name="validationCRMImageTest" time="15.640" classname="com.crm.qa.testcases.LoginTest"/>
  <testcase name="loginTest" time="31.796" classname="com.crm.qa.testcases.LoginTest"/>
</testsuite> <!-- com.crm.qa.testcases.LoginTest -->
