<?xml version="1.0" encoding="UTF-8"?>
<!-- Generated by org.testng.reporters.JUnitReportReporter -->
<testsuite skipped="0" hostname="wvh154" name="com.crm.qa.testcases.ContactPageTest" tests="3" failures="0" timestamp="30 Dec 2019 08:28:50 GMT" time="178.730" errors="0">
  <testcase name="validateNewContact" time="54.250" classname="com.crm.qa.testcases.ContactPageTest"/>
  <testcase name="validateNewContact" time="54.212" classname="com.crm.qa.testcases.ContactPageTest"/>
  <testcase name="validateNewContact" time="70.268" classname="com.crm.qa.testcases.ContactPageTest"/>
</testsuite> <!-- com.crm.qa.testcases.ContactPageTest -->
