<?xml version="1.0" encoding="UTF-8"?>
<!-- Generated by org.testng.reporters.JUnitReportReporter -->
<testsuite skipped="0" hostname="wvh154" name="com.rcm.qa.testdata.ContactPageTest" tests="1" failures="0" timestamp="28 Dec 2019 16:55:03 GMT" time="74.981" errors="0">
  <testcase name="verifyNewContact" time="74.981" classname="com.rcm.qa.testdata.ContactPageTest"/>
</testsuite> <!-- com.rcm.qa.testdata.ContactPageTest -->
