<?xml version="1.0" encoding="UTF-8"?>
<!-- Generated by org.testng.reporters.JUnitReportReporter -->
<testsuite skipped="0" hostname="wvh154" name="com.rcm.qa.testdata.HomePageTest" tests="3" failures="0" timestamp="25 Dec 2019 06:11:33 GMT" time="125.369" errors="0">
  <testcase name="verifyContactsLinkTest" time="44.279" classname="com.rcm.qa.testdata.HomePageTest"/>
  <testcase name="verifyHomePageTitleTest" time="48.420" classname="com.rcm.qa.testdata.HomePageTest"/>
  <testcase name="verifyUserNameTest" time="32.670" classname="com.rcm.qa.testdata.HomePageTest"/>
</testsuite> <!-- com.rcm.qa.testdata.HomePageTest -->
