<?xml version="1.0" encoding="UTF-8"?>
<!-- Generated by org.testng.reporters.JUnitReportReporter -->
<testsuite skipped="0" hostname="wvh154" name="com.crm.qa.testcases.HomePageTest" tests="3" failures="0" timestamp="30 Dec 2019 08:28:50 GMT" time="99.275" errors="0">
  <testcase name="verifyContactsLinkTest" time="32.707" classname="com.crm.qa.testcases.HomePageTest"/>
  <testcase name="verifyHomePageTitleTest" time="32.725" classname="com.crm.qa.testcases.HomePageTest"/>
  <testcase name="verifyUserNameTest" time="33.843" classname="com.crm.qa.testcases.HomePageTest"/>
</testsuite> <!-- com.crm.qa.testcases.HomePageTest -->
